2025-07-23 17:45:23,435 CRIT Supervisor is running as root.  Privileges were not dropped because no user is specified in the config file.  If you intend to run as root, you can set user=root in the config file to avoid this message.
2025-07-23 17:45:23,438 INFO supervisord started with pid 1
2025-07-23 17:45:24,441 INFO spawned: 'django-app' with pid 7
2025-07-23 17:45:24,443 INFO spawned: 'celery-worker' with pid 8
2025-07-23 17:45:25,457 INFO success: django-app entered RUNNING state, process has stayed up for > than 1 seconds (startsecs)
2025-07-23 17:45:25,457 INFO success: celery-worker entered RUNNING state, process has stayed up for > than 1 seconds (startsecs)
2025-07-24 15:34:38,574 CRIT Supervisor is running as root.  Privileges were not dropped because no user is specified in the config file.  If you intend to run as root, you can set user=root in the config file to avoid this message.
2025-07-24 15:34:38,578 INFO supervisord started with pid 1
2025-07-24 15:34:39,580 INFO spawned: 'django-app' with pid 7
2025-07-24 15:34:39,584 INFO spawned: 'celery-worker' with pid 8
2025-07-24 15:34:40,590 INFO success: django-app entered RUNNING state, process has stayed up for > than 1 seconds (startsecs)
2025-07-24 15:34:40,590 INFO success: celery-worker entered RUNNING state, process has stayed up for > than 1 seconds (startsecs)
2025-07-25 14:20:48,191 WARN received SIGTERM indicating exit request
2025-07-25 14:20:48,359 INFO waiting for django-app, celery-worker to die
2025-07-25 14:20:49,521 WARN stopped: celery-worker (terminated by SIGTERM)
2025-07-25 14:20:49,650 WARN stopped: django-app (terminated by SIGTERM)
2025-07-25 14:21:24,196 CRIT Supervisor is running as root.  Privileges were not dropped because no user is specified in the config file.  If you intend to run as root, you can set user=root in the config file to avoid this message.
2025-07-25 14:21:24,211 INFO supervisord started with pid 1
2025-07-25 14:21:25,221 INFO spawned: 'django-app' with pid 7
2025-07-25 14:21:25,223 INFO spawned: 'celery-worker' with pid 8
2025-07-25 14:21:26,252 INFO success: django-app entered RUNNING state, process has stayed up for > than 1 seconds (startsecs)
2025-07-25 14:21:26,253 INFO success: celery-worker entered RUNNING state, process has stayed up for > than 1 seconds (startsecs)
2025-07-25 14:47:15,724 WARN received SIGTERM indicating exit request
2025-07-25 14:47:15,748 INFO waiting for django-app, celery-worker to die
2025-07-25 14:47:16,837 WARN stopped: celery-worker (terminated by SIGTERM)
2025-07-25 14:47:16,858 WARN stopped: django-app (terminated by SIGTERM)
2025-07-25 14:47:39,749 CRIT Supervisor is running as root.  Privileges were not dropped because no user is specified in the config file.  If you intend to run as root, you can set user=root in the config file to avoid this message.
2025-07-25 14:47:39,753 INFO supervisord started with pid 1
2025-07-25 14:47:40,756 INFO spawned: 'django-app' with pid 8
2025-07-25 14:47:40,760 INFO spawned: 'celery-worker' with pid 9
2025-07-25 14:47:41,768 INFO success: django-app entered RUNNING state, process has stayed up for > than 1 seconds (startsecs)
2025-07-25 14:47:41,768 INFO success: celery-worker entered RUNNING state, process has stayed up for > than 1 seconds (startsecs)
2025-07-25 14:47:52,166 WARN exited: django-app (exit status 1; not expected)
2025-07-25 14:47:53,173 INFO spawned: 'django-app' with pid 13
2025-07-25 14:47:54,176 INFO success: django-app entered RUNNING state, process has stayed up for > than 1 seconds (startsecs)
2025-07-25 14:48:03,547 WARN exited: celery-worker (exit status 1; not expected)
2025-07-25 14:48:03,874 INFO spawned: 'celery-worker' with pid 17
2025-07-25 14:48:04,312 WARN exited: django-app (exit status 1; not expected)
2025-07-25 14:48:04,694 INFO spawned: 'django-app' with pid 19
2025-07-25 14:48:05,696 INFO success: django-app entered RUNNING state, process has stayed up for > than 1 seconds (startsecs)
2025-07-25 14:48:05,990 INFO success: celery-worker entered RUNNING state, process has stayed up for > than 1 seconds (startsecs)
2025-07-25 14:48:16,503 WARN exited: django-app (exit status 1; not expected)
2025-07-25 14:48:17,520 INFO spawned: 'django-app' with pid 22
2025-07-25 14:48:18,522 INFO success: django-app entered RUNNING state, process has stayed up for > than 1 seconds (startsecs)
2025-07-25 14:48:25,382 WARN exited: django-app (exit status 1; not expected)
2025-07-25 14:48:25,706 INFO spawned: 'django-app' with pid 26
2025-07-25 14:48:25,707 WARN exited: celery-worker (exit status 1; not expected)
2025-07-25 14:48:26,709 INFO success: django-app entered RUNNING state, process has stayed up for > than 1 seconds (startsecs)
2025-07-25 14:48:26,724 INFO spawned: 'celery-worker' with pid 28
2025-07-25 14:48:27,731 INFO success: celery-worker entered RUNNING state, process has stayed up for > than 1 seconds (startsecs)
2025-07-25 14:48:35,034 WARN exited: django-app (exit status 1; not expected)
2025-07-25 14:48:36,040 INFO spawned: 'django-app' with pid 31
2025-07-25 14:48:37,042 INFO success: django-app entered RUNNING state, process has stayed up for > than 1 seconds (startsecs)
2025-07-25 14:48:51,658 WARN exited: django-app (exit status 1; not expected)
2025-07-25 14:48:51,924 INFO spawned: 'django-app' with pid 35
2025-07-25 14:48:51,924 WARN exited: celery-worker (exit status 1; not expected)
2025-07-25 14:48:52,931 INFO success: django-app entered RUNNING state, process has stayed up for > than 1 seconds (startsecs)
2025-07-25 14:48:52,935 INFO spawned: 'celery-worker' with pid 37
2025-07-25 14:48:53,920 INFO success: celery-worker entered RUNNING state, process has stayed up for > than 1 seconds (startsecs)
2025-07-25 14:49:00,920 WARN exited: django-app (exit status 1; not expected)
2025-07-25 14:49:02,425 INFO spawned: 'django-app' with pid 40
2025-07-25 14:49:03,464 INFO success: django-app entered RUNNING state, process has stayed up for > than 1 seconds (startsecs)
2025-07-25 14:49:11,648 WARN exited: celery-worker (exit status 1; not expected)
2025-07-25 14:49:11,867 INFO spawned: 'celery-worker' with pid 44
2025-07-25 14:49:12,532 WARN exited: django-app (exit status 1; not expected)
2025-07-25 14:49:13,544 INFO spawned: 'django-app' with pid 46
2025-07-25 14:49:13,544 INFO success: celery-worker entered RUNNING state, process has stayed up for > than 1 seconds (startsecs)
2025-07-25 14:49:14,546 INFO success: django-app entered RUNNING state, process has stayed up for > than 1 seconds (startsecs)
2025-07-25 14:49:20,581 WARN exited: django-app (exit status 1; not expected)
2025-07-25 14:49:21,585 INFO spawned: 'django-app' with pid 49
2025-07-25 14:49:21,653 INFO success: django-app entered RUNNING state, process has stayed up for > than 1 seconds (startsecs)
2025-07-25 14:49:25,478 WARN exited: django-app (exit status 1; not expected)
2025-07-25 14:49:26,483 INFO spawned: 'django-app' with pid 53
2025-07-25 14:49:27,485 INFO success: django-app entered RUNNING state, process has stayed up for > than 1 seconds (startsecs)
2025-07-25 14:49:29,104 WARN exited: celery-worker (exit status 1; not expected)
2025-07-25 14:49:29,249 INFO spawned: 'celery-worker' with pid 55
2025-07-25 14:49:30,277 INFO success: celery-worker entered RUNNING state, process has stayed up for > than 1 seconds (startsecs)
2025-07-25 14:49:32,958 WARN exited: django-app (exit status 1; not expected)
2025-07-25 14:49:33,968 INFO spawned: 'django-app' with pid 58
2025-07-25 14:49:34,984 INFO success: django-app entered RUNNING state, process has stayed up for > than 1 seconds (startsecs)
2025-07-25 14:49:40,237 WARN exited: django-app (exit status 1; not expected)
2025-07-25 14:49:41,245 INFO spawned: 'django-app' with pid 61
2025-07-25 14:49:42,248 INFO success: django-app entered RUNNING state, process has stayed up for > than 1 seconds (startsecs)
2025-07-25 14:49:47,946 WARN exited: django-app (exit status 1; not expected)
2025-07-25 14:49:48,604 INFO spawned: 'django-app' with pid 65
2025-07-25 14:49:49,030 WARN exited: celery-worker (exit status 1; not expected)
2025-07-25 14:49:49,408 INFO spawned: 'celery-worker' with pid 67
2025-07-25 14:49:49,042 INFO success: django-app entered RUNNING state, process has stayed up for > than 1 seconds (startsecs)
2025-07-25 14:49:49,042 INFO success: celery-worker entered RUNNING state, process has stayed up for > than 1 seconds (startsecs)
2025-07-25 14:49:54,655 WARN exited: django-app (exit status 1; not expected)
2025-07-25 14:49:55,659 INFO spawned: 'django-app' with pid 70
2025-07-25 14:49:56,664 INFO success: django-app entered RUNNING state, process has stayed up for > than 1 seconds (startsecs)
2025-07-25 14:50:03,250 WARN exited: django-app (exit status 1; not expected)
2025-07-25 14:50:04,253 INFO spawned: 'django-app' with pid 74
2025-07-25 14:50:05,260 INFO success: django-app entered RUNNING state, process has stayed up for > than 1 seconds (startsecs)
2025-07-25 14:50:17,973 WARN exited: django-app (exit status 1; not expected)
2025-07-25 14:50:18,978 INFO spawned: 'django-app' with pid 82
2025-07-25 14:50:19,980 INFO success: django-app entered RUNNING state, process has stayed up for > than 1 seconds (startsecs)
2025-07-25 14:50:27,327 WARN exited: django-app (exit status 1; not expected)
2025-07-25 14:50:28,331 INFO spawned: 'django-app' with pid 85
2025-07-25 14:50:29,332 INFO success: django-app entered RUNNING state, process has stayed up for > than 1 seconds (startsecs)
2025-07-25 14:50:35,872 WARN exited: django-app (exit status 1; not expected)
2025-07-25 14:50:36,877 INFO spawned: 'django-app' with pid 88
2025-07-25 14:50:37,879 INFO success: django-app entered RUNNING state, process has stayed up for > than 1 seconds (startsecs)
2025-07-25 14:50:45,144 WARN exited: django-app (exit status 1; not expected)
2025-07-25 14:50:43,997 INFO spawned: 'django-app' with pid 91
2025-07-25 14:50:45,003 INFO success: django-app entered RUNNING state, process has stayed up for > than 1 seconds (startsecs)
2025-07-25 14:50:50,330 WARN exited: django-app (exit status 1; not expected)
2025-07-25 14:50:51,342 INFO spawned: 'django-app' with pid 94
2025-07-25 14:50:52,347 INFO success: django-app entered RUNNING state, process has stayed up for > than 1 seconds (startsecs)
2025-07-25 14:50:58,194 WARN exited: django-app (exit status 1; not expected)
2025-07-25 14:50:59,206 INFO spawned: 'django-app' with pid 97
2025-07-25 14:51:00,208 INFO success: django-app entered RUNNING state, process has stayed up for > than 1 seconds (startsecs)
2025-07-25 14:51:05,529 WARN exited: django-app (exit status 1; not expected)
2025-07-25 14:51:06,532 INFO spawned: 'django-app' with pid 100
2025-07-25 14:51:07,534 INFO success: django-app entered RUNNING state, process has stayed up for > than 1 seconds (startsecs)
2025-07-25 14:51:13,297 WARN exited: django-app (exit status 1; not expected)
2025-07-25 14:51:12,373 INFO spawned: 'django-app' with pid 103
2025-07-25 14:51:13,390 INFO success: django-app entered RUNNING state, process has stayed up for > than 1 seconds (startsecs)
2025-07-25 18:28:24,541 WARN received SIGTERM indicating exit request
2025-07-25 18:28:24,549 INFO waiting for django-app, celery-worker to die
2025-07-25 18:29:28,886 CRIT Supervisor is running as root.  Privileges were not dropped because no user is specified in the config file.  If you intend to run as root, you can set user=root in the config file to avoid this message.
2025-07-25 18:29:28,894 INFO supervisord started with pid 1
2025-07-25 18:29:29,898 INFO spawned: 'django-app' with pid 7
2025-07-25 18:29:29,901 INFO spawned: 'celery-worker' with pid 8
2025-07-25 18:29:30,909 INFO success: django-app entered RUNNING state, process has stayed up for > than 1 seconds (startsecs)
2025-07-25 18:29:30,909 INFO success: celery-worker entered RUNNING state, process has stayed up for > than 1 seconds (startsecs)
2025-07-25 18:29:33,330 WARN exited: django-app (exit status 1; not expected)
2025-07-25 18:29:34,333 INFO spawned: 'django-app' with pid 11
2025-07-25 18:29:35,478 INFO success: django-app entered RUNNING state, process has stayed up for > than 1 seconds (startsecs)
2025-07-25 18:29:37,639 WARN exited: django-app (exit status 1; not expected)
2025-07-25 18:29:38,642 INFO spawned: 'django-app' with pid 13
2025-07-25 18:29:39,645 INFO success: django-app entered RUNNING state, process has stayed up for > than 1 seconds (startsecs)
2025-07-25 18:29:42,369 WARN exited: django-app (exit status 1; not expected)
2025-07-25 18:29:42,452 INFO spawned: 'django-app' with pid 16
2025-07-25 18:29:43,453 INFO success: django-app entered RUNNING state, process has stayed up for > than 1 seconds (startsecs)
2025-07-25 18:29:47,941 WARN exited: django-app (exit status 1; not expected)
2025-07-25 18:29:48,961 INFO spawned: 'django-app' with pid 18
2025-07-25 18:29:50,022 INFO success: django-app entered RUNNING state, process has stayed up for > than 1 seconds (startsecs)
2025-07-25 18:29:50,025 WARN exited: celery-worker (exit status 2; not expected)
2025-07-25 18:29:50,028 INFO spawned: 'celery-worker' with pid 20
2025-07-25 18:29:51,040 INFO success: celery-worker entered RUNNING state, process has stayed up for > than 1 seconds (startsecs)
2025-07-25 18:29:54,004 WARN exited: django-app (exit status 1; not expected)
2025-07-25 18:29:55,010 INFO spawned: 'django-app' with pid 22
2025-07-25 18:29:56,015 INFO success: django-app entered RUNNING state, process has stayed up for > than 1 seconds (startsecs)
2025-07-25 18:29:59,282 WARN exited: django-app (exit status 1; not expected)
2025-07-25 18:30:00,285 INFO spawned: 'django-app' with pid 24
2025-07-25 18:30:01,288 INFO success: django-app entered RUNNING state, process has stayed up for > than 1 seconds (startsecs)
2025-07-25 18:30:04,188 WARN exited: django-app (exit status 1; not expected)
2025-07-25 18:30:05,043 INFO spawned: 'django-app' with pid 27
2025-07-25 18:30:06,047 INFO success: django-app entered RUNNING state, process has stayed up for > than 1 seconds (startsecs)
2025-07-25 18:30:07,796 WARN exited: django-app (exit status 1; not expected)
2025-07-25 18:30:08,822 INFO spawned: 'django-app' with pid 29
2025-07-25 18:30:09,532 WARN exited: celery-worker (exit status 2; not expected)
2025-07-25 18:30:10,535 INFO success: django-app entered RUNNING state, process has stayed up for > than 1 seconds (startsecs)
2025-07-25 18:30:10,536 INFO spawned: 'celery-worker' with pid 31
2025-07-25 18:30:11,543 INFO success: celery-worker entered RUNNING state, process has stayed up for > than 1 seconds (startsecs)
2025-07-25 18:30:12,283 WARN exited: django-app (exit status 1; not expected)
2025-07-25 18:30:13,287 INFO spawned: 'django-app' with pid 33
2025-07-25 18:30:14,289 INFO success: django-app entered RUNNING state, process has stayed up for > than 1 seconds (startsecs)
2025-07-25 18:30:16,005 WARN exited: django-app (exit status 1; not expected)
2025-07-25 18:30:17,008 INFO spawned: 'django-app' with pid 35
2025-07-25 18:30:18,010 INFO success: django-app entered RUNNING state, process has stayed up for > than 1 seconds (startsecs)
2025-07-25 18:31:00,595 CRIT Supervisor is running as root.  Privileges were not dropped because no user is specified in the config file.  If you intend to run as root, you can set user=root in the config file to avoid this message.
2025-07-25 18:31:00,598 INFO supervisord started with pid 1
2025-07-25 18:31:00,042 INFO spawned: 'django-app' with pid 7
2025-07-25 18:31:00,045 INFO spawned: 'celery-worker' with pid 8
2025-07-25 18:31:01,059 INFO success: django-app entered RUNNING state, process has stayed up for > than 1 seconds (startsecs)
2025-07-25 18:31:01,059 INFO success: celery-worker entered RUNNING state, process has stayed up for > than 1 seconds (startsecs)
2025-07-25 18:31:03,218 WARN exited: django-app (exit status 1; not expected)
2025-07-25 18:31:04,220 INFO spawned: 'django-app' with pid 11
2025-07-25 18:31:05,222 INFO success: django-app entered RUNNING state, process has stayed up for > than 1 seconds (startsecs)
2025-07-25 18:31:07,210 WARN exited: django-app (exit status 1; not expected)
2025-07-25 18:31:08,214 INFO spawned: 'django-app' with pid 13
2025-07-25 18:31:09,216 INFO success: django-app entered RUNNING state, process has stayed up for > than 1 seconds (startsecs)
2025-07-25 18:31:11,856 WARN exited: django-app (exit status 1; not expected)
2025-07-25 18:31:12,863 INFO spawned: 'django-app' with pid 15
2025-07-25 18:31:13,865 INFO success: django-app entered RUNNING state, process has stayed up for > than 1 seconds (startsecs)
2025-07-25 18:31:15,490 WARN exited: django-app (exit status 1; not expected)
2025-07-25 18:31:16,493 INFO spawned: 'django-app' with pid 18
2025-07-25 18:31:17,495 INFO success: django-app entered RUNNING state, process has stayed up for > than 1 seconds (startsecs)
2025-07-25 18:31:18,843 WARN exited: celery-worker (exit status 2; not expected)
2025-07-25 18:31:19,400 INFO spawned: 'celery-worker' with pid 20
2025-07-25 18:31:19,589 WARN exited: django-app (exit status 1; not expected)
2025-07-25 18:31:20,592 INFO spawned: 'django-app' with pid 22
2025-07-25 18:31:20,593 INFO success: celery-worker entered RUNNING state, process has stayed up for > than 1 seconds (startsecs)
2025-07-25 18:31:21,596 INFO success: django-app entered RUNNING state, process has stayed up for > than 1 seconds (startsecs)
2025-07-25 18:31:23,497 WARN exited: django-app (exit status 1; not expected)
2025-07-25 18:31:24,502 INFO spawned: 'django-app' with pid 24
2025-07-25 18:31:25,504 INFO success: django-app entered RUNNING state, process has stayed up for > than 1 seconds (startsecs)
2025-07-25 18:31:27,778 WARN exited: django-app (exit status 1; not expected)
2025-07-25 18:31:28,782 INFO spawned: 'django-app' with pid 26
2025-07-25 18:31:28,321 INFO success: django-app entered RUNNING state, process has stayed up for > than 1 seconds (startsecs)
2025-07-25 18:31:30,267 WARN exited: django-app (exit status 1; not expected)
2025-07-25 18:31:31,273 INFO spawned: 'django-app' with pid 28
2025-07-25 18:31:32,959 INFO success: django-app entered RUNNING state, process has stayed up for > than 1 seconds (startsecs)
2025-07-25 18:31:34,078 WARN exited: django-app (exit status 1; not expected)
2025-07-25 18:31:35,082 INFO spawned: 'django-app' with pid 31
2025-07-25 18:31:35,463 WARN exited: celery-worker (exit status 2; not expected)
2025-07-25 18:31:36,465 INFO success: django-app entered RUNNING state, process has stayed up for > than 1 seconds (startsecs)
2025-07-25 18:31:36,468 INFO spawned: 'celery-worker' with pid 33
2025-07-25 18:31:37,475 INFO success: celery-worker entered RUNNING state, process has stayed up for > than 1 seconds (startsecs)
2025-07-25 18:31:37,809 WARN exited: django-app (exit status 1; not expected)
2025-07-25 18:31:38,817 INFO spawned: 'django-app' with pid 35
2025-07-25 18:31:39,820 INFO success: django-app entered RUNNING state, process has stayed up for > than 1 seconds (startsecs)
2025-07-25 18:31:41,305 WARN exited: django-app (exit status 1; not expected)
2025-07-25 18:31:42,309 INFO spawned: 'django-app' with pid 37
2025-07-25 18:31:43,312 INFO success: django-app entered RUNNING state, process has stayed up for > than 1 seconds (startsecs)
2025-07-25 18:31:44,535 WARN exited: django-app (exit status 1; not expected)
2025-07-25 18:31:45,545 INFO spawned: 'django-app' with pid 39
2025-07-25 18:31:46,549 INFO success: django-app entered RUNNING state, process has stayed up for > than 1 seconds (startsecs)
2025-07-25 18:31:48,320 WARN exited: django-app (exit status 1; not expected)
2025-07-25 18:31:49,323 INFO spawned: 'django-app' with pid 41
2025-07-25 18:31:50,327 INFO success: django-app entered RUNNING state, process has stayed up for > than 1 seconds (startsecs)
2025-07-25 18:31:52,766 WARN exited: django-app (exit status 1; not expected)
2025-07-25 18:31:53,770 INFO spawned: 'django-app' with pid 44
2025-07-25 18:31:55,038 INFO success: django-app entered RUNNING state, process has stayed up for > than 1 seconds (startsecs)
2025-07-25 18:31:55,038 WARN exited: celery-worker (exit status 2; not expected)
2025-07-25 18:31:56,046 INFO spawned: 'celery-worker' with pid 46
2025-07-25 18:31:56,401 WARN exited: django-app (exit status 1; not expected)
2025-07-25 18:31:55,014 INFO spawned: 'django-app' with pid 48
2025-07-25 18:31:56,020 INFO success: django-app entered RUNNING state, process has stayed up for > than 1 seconds (startsecs)
2025-07-25 18:31:56,020 INFO success: celery-worker entered RUNNING state, process has stayed up for > than 1 seconds (startsecs)
2025-07-25 18:31:57,032 WARN exited: django-app (exit status 1; not expected)
2025-07-25 18:31:58,047 INFO spawned: 'django-app' with pid 50
2025-07-25 18:31:59,050 INFO success: django-app entered RUNNING state, process has stayed up for > than 1 seconds (startsecs)
2025-07-25 18:31:59,972 WARN exited: django-app (exit status 1; not expected)
2025-07-25 18:32:00,975 INFO spawned: 'django-app' with pid 52
2025-07-25 18:32:01,977 INFO success: django-app entered RUNNING state, process has stayed up for > than 1 seconds (startsecs)
2025-07-25 18:32:02,999 WARN exited: django-app (exit status 1; not expected)
2025-07-25 18:32:04,003 INFO spawned: 'django-app' with pid 54
2025-07-25 18:32:59,102 CRIT Supervisor is running as root.  Privileges were not dropped because no user is specified in the config file.  If you intend to run as root, you can set user=root in the config file to avoid this message.
2025-07-25 18:32:59,115 INFO supervisord started with pid 1
2025-07-25 18:33:00,119 INFO spawned: 'django-app' with pid 6
2025-07-25 18:33:00,122 INFO spawned: 'celery-worker' with pid 7
2025-07-25 18:33:01,135 INFO success: django-app entered RUNNING state, process has stayed up for > than 1 seconds (startsecs)
2025-07-25 18:33:01,137 INFO success: celery-worker entered RUNNING state, process has stayed up for > than 1 seconds (startsecs)
2025-07-25 18:33:05,663 WARN exited: django-app (exit status 1; not expected)
2025-07-25 18:33:06,667 INFO spawned: 'django-app' with pid 10
2025-07-25 18:33:07,678 INFO success: django-app entered RUNNING state, process has stayed up for > than 1 seconds (startsecs)
2025-07-25 18:33:11,734 WARN exited: django-app (exit status 1; not expected)
2025-07-25 18:33:12,746 INFO spawned: 'django-app' with pid 12
2025-07-25 18:33:13,749 INFO success: django-app entered RUNNING state, process has stayed up for > than 1 seconds (startsecs)
2025-07-25 18:33:17,991 WARN exited: django-app (exit status 1; not expected)
2025-07-25 18:33:18,995 INFO spawned: 'django-app' with pid 15
2025-07-25 18:33:18,069 WARN exited: celery-worker (exit status 2; not expected)
2025-07-25 18:33:19,072 INFO success: django-app entered RUNNING state, process has stayed up for > than 1 seconds (startsecs)
2025-07-25 18:33:19,073 INFO spawned: 'celery-worker' with pid 17
2025-07-25 18:33:19,958 WARN exited: django-app (exit status 1; not expected)
2025-07-25 18:33:20,960 INFO spawned: 'django-app' with pid 19
2025-07-25 18:33:20,961 INFO success: celery-worker entered RUNNING state, process has stayed up for > than 1 seconds (startsecs)
2025-07-25 18:33:21,963 INFO success: django-app entered RUNNING state, process has stayed up for > than 1 seconds (startsecs)
2025-07-25 18:33:23,408 WARN exited: django-app (exit status 1; not expected)
2025-07-25 18:33:24,410 INFO spawned: 'django-app' with pid 21
2025-07-25 18:33:25,413 INFO success: django-app entered RUNNING state, process has stayed up for > than 1 seconds (startsecs)
2025-07-25 18:33:26,957 WARN exited: django-app (exit status 1; not expected)
2025-07-25 18:33:27,960 INFO spawned: 'django-app' with pid 23
2025-07-25 18:33:28,962 INFO success: django-app entered RUNNING state, process has stayed up for > than 1 seconds (startsecs)
2025-07-25 18:33:30,995 WARN exited: django-app (exit status 1; not expected)
2025-07-25 18:33:32,000 INFO spawned: 'django-app' with pid 25
2025-07-25 18:33:33,003 INFO success: django-app entered RUNNING state, process has stayed up for > than 1 seconds (startsecs)
2025-07-25 18:33:35,156 WARN exited: django-app (exit status 1; not expected)
2025-07-25 18:33:36,158 INFO spawned: 'django-app' with pid 28
2025-07-25 18:33:37,161 INFO success: django-app entered RUNNING state, process has stayed up for > than 1 seconds (startsecs)
2025-07-25 18:33:38,235 WARN exited: celery-worker (exit status 2; not expected)
2025-07-25 18:33:39,250 INFO spawned: 'celery-worker' with pid 30
2025-07-25 18:33:39,571 WARN exited: django-app (exit status 1; not expected)
2025-07-25 18:33:40,575 INFO spawned: 'django-app' with pid 32
2025-07-25 18:33:40,575 INFO success: celery-worker entered RUNNING state, process has stayed up for > than 1 seconds (startsecs)
2025-07-25 18:33:41,577 INFO success: django-app entered RUNNING state, process has stayed up for > than 1 seconds (startsecs)
2025-07-25 18:33:43,330 WARN exited: django-app (exit status 1; not expected)
2025-07-25 18:33:44,335 INFO spawned: 'django-app' with pid 34
2025-07-25 18:33:45,336 INFO success: django-app entered RUNNING state, process has stayed up for > than 1 seconds (startsecs)
2025-07-25 18:33:46,647 WARN exited: django-app (exit status 1; not expected)
2025-07-25 18:33:45,187 INFO spawned: 'django-app' with pid 36
2025-07-25 18:33:46,197 INFO success: django-app entered RUNNING state, process has stayed up for > than 1 seconds (startsecs)
2025-07-25 18:33:47,456 WARN exited: django-app (exit status 1; not expected)
2025-07-25 18:33:48,458 INFO spawned: 'django-app' with pid 38
2025-07-25 18:33:49,461 INFO success: django-app entered RUNNING state, process has stayed up for > than 1 seconds (startsecs)
2025-07-25 18:33:51,424 WARN exited: django-app (exit status 1; not expected)
2025-07-25 18:33:51,801 INFO spawned: 'django-app' with pid 41
2025-07-25 18:33:52,804 INFO success: django-app entered RUNNING state, process has stayed up for > than 1 seconds (startsecs)
2025-07-25 18:33:56,192 WARN exited: django-app (exit status 1; not expected)
2025-07-25 18:33:57,030 INFO spawned: 'django-app' with pid 43
2025-07-25 18:33:57,297 WARN exited: celery-worker (exit status 2; not expected)
2025-07-25 18:33:58,299 INFO success: django-app entered RUNNING state, process has stayed up for > than 1 seconds (startsecs)
2025-07-25 18:33:58,300 INFO spawned: 'celery-worker' with pid 45
2025-07-25 18:33:59,308 INFO success: celery-worker entered RUNNING state, process has stayed up for > than 1 seconds (startsecs)
2025-07-25 18:34:00,239 WARN exited: django-app (exit status 1; not expected)
2025-07-25 18:34:01,246 INFO spawned: 'django-app' with pid 47
2025-07-25 18:34:02,249 INFO success: django-app entered RUNNING state, process has stayed up for > than 1 seconds (startsecs)
2025-07-25 18:34:03,068 WARN exited: django-app (exit status 1; not expected)
2025-07-25 18:34:04,071 INFO spawned: 'django-app' with pid 49
2025-07-25 18:34:05,074 INFO success: django-app entered RUNNING state, process has stayed up for > than 1 seconds (startsecs)
2025-07-25 18:34:05,704 WARN exited: django-app (exit status 1; not expected)
2025-07-25 18:34:06,708 INFO spawned: 'django-app' with pid 51
2025-07-25 18:34:07,711 INFO success: django-app entered RUNNING state, process has stayed up for > than 1 seconds (startsecs)
2025-07-25 18:34:08,364 WARN exited: django-app (exit status 1; not expected)
2025-07-25 18:34:09,369 INFO spawned: 'django-app' with pid 53
2025-07-25 18:34:10,372 INFO success: django-app entered RUNNING state, process has stayed up for > than 1 seconds (startsecs)
2025-07-25 18:34:11,389 WARN exited: django-app (exit status 1; not expected)
2025-07-25 18:34:12,394 INFO spawned: 'django-app' with pid 55
2025-07-25 18:34:14,189 INFO success: django-app entered RUNNING state, process has stayed up for > than 1 seconds (startsecs)
2025-07-25 18:34:13,515 WARN exited: django-app (exit status 1; not expected)
2025-07-25 18:34:12,961 INFO spawned: 'django-app' with pid 58
2025-07-25 18:34:13,317 WARN exited: celery-worker (exit status 2; not expected)
2025-07-25 18:34:14,319 INFO success: django-app entered RUNNING state, process has stayed up for > than 1 seconds (startsecs)
2025-07-25 18:34:14,320 INFO spawned: 'celery-worker' with pid 60
2025-07-25 18:34:14,876 WARN exited: django-app (exit status 1; not expected)
2025-07-25 18:34:15,884 INFO spawned: 'django-app' with pid 62
2025-07-25 18:34:15,885 INFO success: celery-worker entered RUNNING state, process has stayed up for > than 1 seconds (startsecs)
2025-07-25 18:34:16,893 INFO success: django-app entered RUNNING state, process has stayed up for > than 1 seconds (startsecs)
2025-07-25 18:34:18,038 WARN exited: django-app (exit status 1; not expected)
2025-07-25 18:34:19,042 INFO spawned: 'django-app' with pid 64
2025-07-25 18:34:20,047 INFO success: django-app entered RUNNING state, process has stayed up for > than 1 seconds (startsecs)
2025-07-25 18:34:21,087 WARN exited: django-app (exit status 1; not expected)
2025-07-25 18:34:22,114 INFO spawned: 'django-app' with pid 66
2025-07-25 18:34:23,119 INFO success: django-app entered RUNNING state, process has stayed up for > than 1 seconds (startsecs)
2025-07-25 18:34:23,849 WARN exited: django-app (exit status 1; not expected)
2025-07-25 18:34:24,856 INFO spawned: 'django-app' with pid 68
2025-07-25 18:34:25,862 INFO success: django-app entered RUNNING state, process has stayed up for > than 1 seconds (startsecs)
2025-07-25 18:34:26,524 WARN exited: django-app (exit status 1; not expected)
2025-07-25 18:34:27,537 INFO spawned: 'django-app' with pid 70
2025-07-25 18:34:28,546 INFO success: django-app entered RUNNING state, process has stayed up for > than 1 seconds (startsecs)
2025-07-25 18:34:29,232 WARN exited: django-app (exit status 1; not expected)
2025-07-25 18:34:29,329 INFO spawned: 'django-app' with pid 73
2025-07-25 18:34:30,333 INFO success: django-app entered RUNNING state, process has stayed up for > than 1 seconds (startsecs)
2025-07-25 18:34:31,521 WARN exited: django-app (exit status 1; not expected)
2025-07-25 18:34:31,800 INFO spawned: 'django-app' with pid 75
2025-07-25 18:34:31,957 WARN exited: celery-worker (exit status 2; not expected)
2025-07-25 18:34:32,961 INFO success: django-app entered RUNNING state, process has stayed up for > than 1 seconds (startsecs)
2025-07-25 18:34:32,965 INFO spawned: 'celery-worker' with pid 77
2025-07-25 18:34:33,952 WARN exited: django-app (exit status 1; not expected)
2025-07-25 18:34:34,956 INFO spawned: 'django-app' with pid 79
2025-07-25 18:34:34,956 INFO success: celery-worker entered RUNNING state, process has stayed up for > than 1 seconds (startsecs)
2025-07-25 18:34:35,958 INFO success: django-app entered RUNNING state, process has stayed up for > than 1 seconds (startsecs)
2025-07-25 18:34:36,704 WARN exited: django-app (exit status 1; not expected)
2025-07-25 18:34:37,712 INFO spawned: 'django-app' with pid 81
2025-07-25 18:34:38,715 INFO success: django-app entered RUNNING state, process has stayed up for > than 1 seconds (startsecs)
2025-07-25 18:34:39,390 WARN exited: django-app (exit status 1; not expected)
2025-07-25 18:34:40,392 INFO spawned: 'django-app' with pid 83
2025-07-25 18:34:41,397 INFO success: django-app entered RUNNING state, process has stayed up for > than 1 seconds (startsecs)
2025-07-25 18:34:39,787 WARN process 'django-app' (83) laststart time is in the future, don't know how long process was running so assuming it did not exit too quickly
2025-07-25 18:34:39,787 WARN exited: django-app (exit status 1; not expected)
2025-07-25 18:34:40,796 INFO spawned: 'django-app' with pid 91
2025-07-25 18:34:41,805 INFO success: django-app entered RUNNING state, process has stayed up for > than 1 seconds (startsecs)
2025-07-25 18:34:42,623 WARN exited: django-app (exit status 1; not expected)
2025-07-25 18:34:43,629 INFO spawned: 'django-app' with pid 94
2025-07-25 18:34:44,633 INFO success: django-app entered RUNNING state, process has stayed up for > than 1 seconds (startsecs)
2025-07-25 18:34:45,211 WARN exited: django-app (exit status 1; not expected)
2025-07-25 18:34:45,545 INFO spawned: 'django-app' with pid 97
2025-07-25 18:34:46,549 INFO success: django-app entered RUNNING state, process has stayed up for > than 1 seconds (startsecs)
2025-07-25 18:34:47,276 WARN exited: django-app (exit status 1; not expected)
2025-07-25 18:34:47,514 INFO spawned: 'django-app' with pid 99
2025-07-25 18:34:47,706 WARN exited: celery-worker (exit status 2; not expected)
2025-07-25 18:34:48,706 INFO success: django-app entered RUNNING state, process has stayed up for > than 1 seconds (startsecs)
2025-07-25 18:34:48,708 INFO spawned: 'celery-worker' with pid 101
2025-07-25 18:34:49,685 WARN exited: django-app (exit status 1; not expected)
2025-07-25 18:34:50,700 INFO spawned: 'django-app' with pid 105
2025-07-25 18:34:50,701 INFO success: celery-worker entered RUNNING state, process has stayed up for > than 1 seconds (startsecs)
2025-07-25 18:34:51,704 INFO success: django-app entered RUNNING state, process has stayed up for > than 1 seconds (startsecs)
2025-07-25 18:34:52,643 WARN exited: django-app (exit status 1; not expected)
2025-07-25 18:34:53,647 INFO spawned: 'django-app' with pid 108
2025-07-25 18:34:54,651 INFO success: django-app entered RUNNING state, process has stayed up for > than 1 seconds (startsecs)
2025-07-25 18:34:55,275 WARN exited: django-app (exit status 1; not expected)
2025-07-25 18:34:56,298 INFO spawned: 'django-app' with pid 110
2025-07-25 18:34:57,305 INFO success: django-app entered RUNNING state, process has stayed up for > than 1 seconds (startsecs)
2025-07-25 18:34:58,040 WARN exited: django-app (exit status 1; not expected)
2025-07-25 18:34:59,058 INFO spawned: 'django-app' with pid 113
2025-07-25 18:35:00,061 INFO success: django-app entered RUNNING state, process has stayed up for > than 1 seconds (startsecs)
2025-07-25 18:35:01,065 WARN exited: django-app (exit status 1; not expected)
2025-07-25 18:35:02,087 INFO spawned: 'django-app' with pid 116
2025-07-25 18:35:03,094 INFO success: django-app entered RUNNING state, process has stayed up for > than 1 seconds (startsecs)
2025-07-25 18:35:03,860 WARN exited: django-app (exit status 1; not expected)
2025-07-25 18:35:04,864 INFO spawned: 'django-app' with pid 119
2025-07-25 18:35:06,016 INFO success: django-app entered RUNNING state, process has stayed up for > than 1 seconds (startsecs)
2025-07-25 18:35:06,016 WARN exited: celery-worker (exit status 2; not expected)
2025-07-25 18:35:06,754 INFO spawned: 'celery-worker' with pid 121
2025-07-25 18:35:06,869 WARN exited: django-app (exit status 1; not expected)
2025-07-25 18:35:07,873 INFO spawned: 'django-app' with pid 123
2025-07-25 18:35:07,873 INFO success: celery-worker entered RUNNING state, process has stayed up for > than 1 seconds (startsecs)
2025-07-25 18:35:08,881 INFO success: django-app entered RUNNING state, process has stayed up for > than 1 seconds (startsecs)
2025-07-25 18:35:07,137 WARN process 'django-app' (123) laststart time is in the future, don't know how long process was running so assuming it did not exit too quickly
2025-07-25 18:35:07,137 WARN exited: django-app (exit status 1; not expected)
2025-07-25 18:35:08,139 INFO spawned: 'django-app' with pid 125
2025-07-25 18:35:09,143 INFO success: django-app entered RUNNING state, process has stayed up for > than 1 seconds (startsecs)
2025-07-25 18:35:10,037 WARN exited: django-app (exit status 1; not expected)
2025-07-25 18:35:11,046 INFO spawned: 'django-app' with pid 127
2025-07-25 18:35:12,049 INFO success: django-app entered RUNNING state, process has stayed up for > than 1 seconds (startsecs)
2025-07-25 18:35:12,660 WARN exited: django-app (exit status 1; not expected)
2025-07-25 18:35:13,664 INFO spawned: 'django-app' with pid 132
2025-07-25 18:35:14,671 INFO success: django-app entered RUNNING state, process has stayed up for > than 1 seconds (startsecs)
2025-07-25 18:35:15,221 WARN exited: django-app (exit status 1; not expected)
2025-07-25 18:35:16,231 INFO spawned: 'django-app' with pid 134
2025-07-25 18:35:17,236 INFO success: django-app entered RUNNING state, process has stayed up for > than 1 seconds (startsecs)
2025-07-25 18:35:18,147 WARN exited: django-app (exit status 1; not expected)
2025-07-25 18:35:19,149 INFO spawned: 'django-app' with pid 136
2025-07-25 18:35:20,325 INFO success: django-app entered RUNNING state, process has stayed up for > than 1 seconds (startsecs)
2025-07-25 18:35:21,303 WARN exited: django-app (exit status 1; not expected)
2025-07-25 18:35:21,816 INFO spawned: 'django-app' with pid 139
2025-07-25 18:35:22,044 WARN exited: celery-worker (exit status 2; not expected)
2025-07-25 18:35:23,045 INFO success: django-app entered RUNNING state, process has stayed up for > than 1 seconds (startsecs)
2025-07-25 18:35:23,047 INFO spawned: 'celery-worker' with pid 141
2025-07-25 18:35:23,960 WARN exited: django-app (exit status 1; not expected)
2025-07-25 18:35:24,965 INFO spawned: 'django-app' with pid 143
2025-07-25 18:35:24,965 INFO success: celery-worker entered RUNNING state, process has stayed up for > than 1 seconds (startsecs)
2025-07-25 18:35:25,967 INFO success: django-app entered RUNNING state, process has stayed up for > than 1 seconds (startsecs)
2025-07-25 18:35:26,685 WARN exited: django-app (exit status 1; not expected)
2025-07-25 18:35:27,722 INFO spawned: 'django-app' with pid 145
2025-07-25 18:35:28,723 INFO success: django-app entered RUNNING state, process has stayed up for > than 1 seconds (startsecs)
2025-07-25 18:35:29,444 WARN exited: django-app (exit status 1; not expected)
2025-07-25 18:35:30,449 INFO spawned: 'django-app' with pid 147
2025-07-25 18:35:31,459 INFO success: django-app entered RUNNING state, process has stayed up for > than 1 seconds (startsecs)
2025-07-25 18:35:32,502 WARN exited: django-app (exit status 1; not expected)
2025-07-25 18:35:33,516 INFO spawned: 'django-app' with pid 149
2025-07-25 18:35:34,520 INFO success: django-app entered RUNNING state, process has stayed up for > than 1 seconds (startsecs)
2025-07-25 18:35:35,529 WARN exited: django-app (exit status 1; not expected)
2025-07-25 18:35:36,533 INFO spawned: 'django-app' with pid 151
2025-07-25 18:35:36,076 WARN exited: django-app (exit status 1; not expected)
2025-07-25 18:35:37,084 INFO spawned: 'django-app' with pid 154
2025-07-25 18:35:38,086 INFO success: django-app entered RUNNING state, process has stayed up for > than 1 seconds (startsecs)
2025-07-25 18:35:38,562 WARN exited: celery-worker (exit status 2; not expected)
2025-07-25 18:35:39,565 INFO spawned: 'celery-worker' with pid 156
2025-07-25 18:35:39,860 WARN exited: django-app (exit status 1; not expected)
2025-07-25 18:35:40,876 INFO spawned: 'django-app' with pid 158
2025-07-25 18:35:40,876 INFO success: celery-worker entered RUNNING state, process has stayed up for > than 1 seconds (startsecs)
2025-07-25 18:35:41,878 INFO success: django-app entered RUNNING state, process has stayed up for > than 1 seconds (startsecs)
2025-07-25 18:35:43,090 WARN exited: django-app (exit status 1; not expected)
2025-07-25 18:35:44,095 INFO spawned: 'django-app' with pid 160
2025-07-25 18:35:45,097 INFO success: django-app entered RUNNING state, process has stayed up for > than 1 seconds (startsecs)
2025-07-25 18:35:45,906 WARN exited: django-app (exit status 1; not expected)
2025-07-25 18:35:46,910 INFO spawned: 'django-app' with pid 162
2025-07-25 18:35:47,912 INFO success: django-app entered RUNNING state, process has stayed up for > than 1 seconds (startsecs)
2025-07-25 18:35:49,023 WARN exited: django-app (exit status 1; not expected)
2025-07-25 18:35:50,026 INFO spawned: 'django-app' with pid 164
2025-07-25 18:35:51,030 INFO success: django-app entered RUNNING state, process has stayed up for > than 1 seconds (startsecs)
2025-07-25 18:57:04,110 WARN received SIGTERM indicating exit request
2025-07-25 18:57:04,114 INFO waiting for django-app, celery-worker to die
2025-07-25 18:57:05,124 WARN stopped: celery-worker (terminated by SIGTERM)
2025-07-25 18:57:05,126 WARN stopped: django-app (terminated by SIGTERM)
2025-07-25 19:05:13,857 CRIT Supervisor is running as root.  Privileges were not dropped because no user is specified in the config file.  If you intend to run as root, you can set user=root in the config file to avoid this message.
2025-07-25 19:05:13,862 INFO supervisord started with pid 1
2025-07-25 19:05:14,864 INFO spawned: 'django-app' with pid 7
2025-07-25 19:05:14,867 INFO spawned: 'celery-worker' with pid 8
2025-07-25 19:05:15,880 INFO success: django-app entered RUNNING state, process has stayed up for > than 1 seconds (startsecs)
2025-07-25 19:05:15,881 INFO success: celery-worker entered RUNNING state, process has stayed up for > than 1 seconds (startsecs)
2025-07-25 20:16:57,730 WARN received SIGTERM indicating exit request
2025-07-25 20:16:57,750 INFO waiting for django-app, celery-worker to die
2025-07-25 20:16:57,773 WARN stopped: celery-worker (terminated by SIGTERM)
2025-07-25 20:16:57,779 WARN stopped: django-app (terminated by SIGTERM)
2025-07-25 20:17:59,982 CRIT Supervisor is running as root.  Privileges were not dropped because no user is specified in the config file.  If you intend to run as root, you can set user=root in the config file to avoid this message.
2025-07-25 20:17:59,992 INFO supervisord started with pid 1
2025-07-25 20:18:00,996 INFO spawned: 'django-app' with pid 7
2025-07-25 20:18:00,999 INFO spawned: 'celery-worker' with pid 8
2025-07-25 20:18:02,005 INFO success: django-app entered RUNNING state, process has stayed up for > than 1 seconds (startsecs)
2025-07-25 20:18:02,006 INFO success: celery-worker entered RUNNING state, process has stayed up for > than 1 seconds (startsecs)
2025-07-26 22:47:55,330 WARN received SIGTERM indicating exit request
2025-07-26 22:47:55,335 INFO waiting for django-app, celery-worker to die
2025-07-26 22:47:56,341 WARN stopped: celery-worker (terminated by SIGTERM)
2025-07-26 22:47:57,345 WARN stopped: django-app (terminated by SIGTERM)
2025-07-26 22:47:59,009 CRIT Supervisor is running as root.  Privileges were not dropped because no user is specified in the config file.  If you intend to run as root, you can set user=root in the config file to avoid this message.
2025-07-26 22:47:59,013 INFO supervisord started with pid 1
2025-07-26 22:48:00,017 INFO spawned: 'django-app' with pid 7
2025-07-26 22:48:00,020 INFO spawned: 'celery-worker' with pid 8
2025-07-26 22:48:01,127 INFO success: django-app entered RUNNING state, process has stayed up for > than 1 seconds (startsecs)
2025-07-26 22:48:01,127 INFO success: celery-worker entered RUNNING state, process has stayed up for > than 1 seconds (startsecs)
2025-07-26 22:50:26,066 WARN received SIGTERM indicating exit request
2025-07-26 22:50:26,067 INFO waiting for django-app, celery-worker to die
2025-07-26 22:50:27,070 WARN stopped: celery-worker (terminated by SIGTERM)
2025-07-26 22:50:28,072 WARN stopped: django-app (terminated by SIGTERM)
2025-07-26 22:50:29,207 CRIT Supervisor is running as root.  Privileges were not dropped because no user is specified in the config file.  If you intend to run as root, you can set user=root in the config file to avoid this message.
2025-07-26 22:50:29,211 INFO supervisord started with pid 1
2025-07-26 22:50:30,215 INFO spawned: 'django-app' with pid 7
2025-07-26 22:50:30,219 INFO spawned: 'celery-worker' with pid 8
2025-07-26 22:50:31,224 INFO success: django-app entered RUNNING state, process has stayed up for > than 1 seconds (startsecs)
2025-07-26 22:50:31,225 INFO success: celery-worker entered RUNNING state, process has stayed up for > than 1 seconds (startsecs)
2025-07-27 19:27:51,530 CRIT Supervisor is running as root.  Privileges were not dropped because no user is specified in the config file.  If you intend to run as root, you can set user=root in the config file to avoid this message.
2025-07-27 19:27:51,542 INFO supervisord started with pid 1
2025-07-27 19:27:52,544 INFO spawned: 'django-app' with pid 7
2025-07-27 19:27:52,547 INFO spawned: 'celery-worker' with pid 8
2025-07-27 19:27:53,560 INFO success: django-app entered RUNNING state, process has stayed up for > than 1 seconds (startsecs)
2025-07-27 19:27:53,560 INFO success: celery-worker entered RUNNING state, process has stayed up for > than 1 seconds (startsecs)
2025-07-27 19:32:18,192 WARN received SIGTERM indicating exit request
2025-07-27 19:32:18,204 INFO waiting for django-app, celery-worker to die
2025-07-27 19:32:19,211 WARN stopped: celery-worker (terminated by SIGTERM)
2025-07-27 19:32:19,216 WARN stopped: django-app (terminated by SIGTERM)
2025-07-27 19:32:41,542 CRIT Supervisor is running as root.  Privileges were not dropped because no user is specified in the config file.  If you intend to run as root, you can set user=root in the config file to avoid this message.
2025-07-27 19:32:41,548 INFO supervisord started with pid 1
2025-07-27 19:32:42,551 INFO spawned: 'django-app' with pid 7
2025-07-27 19:32:42,555 INFO spawned: 'celery-worker' with pid 8
2025-07-27 19:32:43,572 INFO success: django-app entered RUNNING state, process has stayed up for > than 1 seconds (startsecs)
2025-07-27 19:32:43,572 INFO success: celery-worker entered RUNNING state, process has stayed up for > than 1 seconds (startsecs)
2025-07-27 19:47:31,364 WARN received SIGTERM indicating exit request
2025-07-27 19:47:31,375 INFO waiting for django-app, celery-worker to die
2025-07-27 19:47:32,384 WARN stopped: celery-worker (terminated by SIGTERM)
2025-07-27 19:47:32,391 WARN stopped: django-app (terminated by SIGTERM)
2025-07-27 19:49:33,704 CRIT Supervisor is running as root.  Privileges were not dropped because no user is specified in the config file.  If you intend to run as root, you can set user=root in the config file to avoid this message.
2025-07-27 19:49:33,707 INFO supervisord started with pid 1
2025-07-27 19:49:34,712 INFO spawned: 'django-app' with pid 7
2025-07-27 19:49:34,717 INFO spawned: 'celery-worker' with pid 8
2025-07-27 19:49:35,725 INFO success: django-app entered RUNNING state, process has stayed up for > than 1 seconds (startsecs)
2025-07-27 19:49:35,725 INFO success: celery-worker entered RUNNING state, process has stayed up for > than 1 seconds (startsecs)
2025-07-27 19:49:45,168 WARN exited: django-app (exit status 1; not expected)
2025-07-27 19:49:46,172 INFO spawned: 'django-app' with pid 11
2025-07-27 19:49:47,173 INFO success: django-app entered RUNNING state, process has stayed up for > than 1 seconds (startsecs)
2025-07-27 19:49:55,417 WARN exited: django-app (exit status 1; not expected)
2025-07-27 19:49:56,420 INFO spawned: 'django-app' with pid 14
2025-07-27 19:49:57,422 INFO success: django-app entered RUNNING state, process has stayed up for > than 1 seconds (startsecs)
2025-07-27 19:49:59,763 WARN exited: celery-worker (exit status 2; not expected)
2025-07-27 19:50:00,767 INFO spawned: 'celery-worker' with pid 16
2025-07-27 19:50:01,772 INFO success: celery-worker entered RUNNING state, process has stayed up for > than 1 seconds (startsecs)
2025-07-27 19:50:06,227 WARN exited: django-app (exit status 1; not expected)
2025-07-27 19:50:07,229 INFO spawned: 'django-app' with pid 18
2025-07-27 19:50:09,137 INFO success: django-app entered RUNNING state, process has stayed up for > than 1 seconds (startsecs)
2025-07-27 19:50:17,580 WARN exited: django-app (exit status 1; not expected)
2025-07-27 19:50:18,583 INFO spawned: 'django-app' with pid 21
2025-07-27 19:50:19,585 INFO success: django-app entered RUNNING state, process has stayed up for > than 1 seconds (startsecs)
2025-07-27 19:50:27,149 WARN exited: celery-worker (exit status 2; not expected)
2025-07-27 19:50:28,104 INFO spawned: 'celery-worker' with pid 23
2025-07-27 19:50:28,293 WARN exited: django-app (exit status 1; not expected)
2025-07-27 19:50:29,297 INFO spawned: 'django-app' with pid 25
2025-07-27 19:50:29,298 INFO success: celery-worker entered RUNNING state, process has stayed up for > than 1 seconds (startsecs)
2025-07-27 19:50:30,300 INFO success: django-app entered RUNNING state, process has stayed up for > than 1 seconds (startsecs)
2025-07-27 19:50:38,451 WARN exited: django-app (exit status 1; not expected)
2025-07-27 19:50:39,454 INFO spawned: 'django-app' with pid 27
2025-07-27 19:50:40,455 INFO success: django-app entered RUNNING state, process has stayed up for > than 1 seconds (startsecs)
2025-07-27 19:50:48,098 WARN exited: django-app (exit status 1; not expected)
2025-07-27 19:50:49,100 INFO spawned: 'django-app' with pid 30
2025-07-27 19:50:50,102 INFO success: django-app entered RUNNING state, process has stayed up for > than 1 seconds (startsecs)
2025-07-27 19:50:52,360 WARN exited: celery-worker (exit status 2; not expected)
2025-07-27 19:50:53,362 INFO spawned: 'celery-worker' with pid 32
2025-07-27 19:50:54,368 INFO success: celery-worker entered RUNNING state, process has stayed up for > than 1 seconds (startsecs)
2025-07-27 19:50:57,983 WARN exited: django-app (exit status 1; not expected)
2025-07-27 19:50:58,987 INFO spawned: 'django-app' with pid 34
2025-07-27 19:50:59,991 INFO success: django-app entered RUNNING state, process has stayed up for > than 1 seconds (startsecs)
2025-07-27 19:51:07,771 WARN exited: django-app (exit status 1; not expected)
2025-07-27 19:51:08,259 INFO spawned: 'django-app' with pid 37
2025-07-27 19:51:09,261 INFO success: django-app entered RUNNING state, process has stayed up for > than 1 seconds (startsecs)
2025-07-27 19:51:17,262 WARN exited: django-app (exit status 1; not expected)
2025-07-27 19:51:17,431 INFO spawned: 'django-app' with pid 39
2025-07-27 19:51:17,665 WARN exited: celery-worker (exit status 2; not expected)
2025-07-27 19:51:18,667 INFO success: django-app entered RUNNING state, process has stayed up for > than 1 seconds (startsecs)
2025-07-27 19:51:18,668 INFO spawned: 'celery-worker' with pid 41
2025-07-27 19:51:19,673 INFO success: celery-worker entered RUNNING state, process has stayed up for > than 1 seconds (startsecs)
2025-07-27 19:51:26,436 WARN exited: django-app (exit status 1; not expected)
2025-07-27 19:51:27,439 INFO spawned: 'django-app' with pid 43
2025-07-27 19:51:28,442 INFO success: django-app entered RUNNING state, process has stayed up for > than 1 seconds (startsecs)
2025-07-27 19:51:36,268 WARN exited: django-app (exit status 1; not expected)
2025-07-27 19:51:37,272 INFO spawned: 'django-app' with pid 46
2025-07-27 19:51:39,169 INFO success: django-app entered RUNNING state, process has stayed up for > than 1 seconds (startsecs)
2025-07-27 19:51:42,484 WARN exited: celery-worker (exit status 2; not expected)
2025-07-27 19:51:43,486 INFO spawned: 'celery-worker' with pid 48
2025-07-27 19:51:44,491 INFO success: celery-worker entered RUNNING state, process has stayed up for > than 1 seconds (startsecs)
2025-07-27 19:51:46,026 WARN exited: django-app (exit status 1; not expected)
2025-07-27 19:51:47,030 INFO spawned: 'django-app' with pid 50
2025-07-27 19:51:48,033 INFO success: django-app entered RUNNING state, process has stayed up for > than 1 seconds (startsecs)
2025-07-27 19:51:55,836 WARN exited: django-app (exit status 1; not expected)
2025-07-27 19:51:56,841 INFO spawned: 'django-app' with pid 52
2025-07-27 19:51:57,844 INFO success: django-app entered RUNNING state, process has stayed up for > than 1 seconds (startsecs)
2025-07-27 19:52:05,513 WARN exited: django-app (exit status 1; not expected)
2025-07-27 19:52:06,516 INFO spawned: 'django-app' with pid 55
2025-07-27 19:52:07,633 INFO success: django-app entered RUNNING state, process has stayed up for > than 1 seconds (startsecs)
2025-07-27 19:52:07,633 WARN exited: celery-worker (exit status 2; not expected)
2025-07-27 19:52:08,530 INFO spawned: 'celery-worker' with pid 57
2025-07-27 19:52:09,536 INFO success: celery-worker entered RUNNING state, process has stayed up for > than 1 seconds (startsecs)
2025-07-27 19:52:15,657 WARN exited: django-app (exit status 1; not expected)
2025-07-27 19:52:16,660 INFO spawned: 'django-app' with pid 59
2025-07-27 19:52:17,662 INFO success: django-app entered RUNNING state, process has stayed up for > than 1 seconds (startsecs)
2025-07-27 19:52:25,454 WARN exited: django-app (exit status 1; not expected)
2025-07-27 19:52:26,457 INFO spawned: 'django-app' with pid 62
2025-07-27 19:52:27,459 INFO success: django-app entered RUNNING state, process has stayed up for > than 1 seconds (startsecs)
2025-07-27 19:52:32,832 WARN exited: celery-worker (exit status 2; not expected)
2025-07-27 19:52:33,835 INFO spawned: 'celery-worker' with pid 64
2025-07-27 19:52:34,839 INFO success: celery-worker entered RUNNING state, process has stayed up for > than 1 seconds (startsecs)
2025-07-27 19:52:35,330 WARN exited: django-app (exit status 1; not expected)
2025-07-27 19:52:36,333 INFO spawned: 'django-app' with pid 66
2025-07-27 19:52:37,336 INFO success: django-app entered RUNNING state, process has stayed up for > than 1 seconds (startsecs)
2025-07-27 19:52:44,870 WARN exited: django-app (exit status 1; not expected)
2025-07-27 19:52:45,872 INFO spawned: 'django-app' with pid 68
2025-07-27 19:52:46,874 INFO success: django-app entered RUNNING state, process has stayed up for > than 1 seconds (startsecs)
2025-07-27 19:52:54,673 WARN exited: django-app (exit status 1; not expected)
2025-07-27 19:52:55,677 INFO spawned: 'django-app' with pid 71
2025-07-27 19:52:56,681 INFO success: django-app entered RUNNING state, process has stayed up for > than 1 seconds (startsecs)
2025-07-27 19:52:57,647 WARN exited: celery-worker (exit status 2; not expected)
2025-07-27 19:52:58,651 INFO spawned: 'celery-worker' with pid 73
2025-07-27 19:52:59,657 INFO success: celery-worker entered RUNNING state, process has stayed up for > than 1 seconds (startsecs)
2025-07-27 19:53:04,339 WARN exited: django-app (exit status 1; not expected)
2025-07-27 19:53:05,346 INFO spawned: 'django-app' with pid 75
2025-07-27 19:53:06,349 INFO success: django-app entered RUNNING state, process has stayed up for > than 1 seconds (startsecs)
2025-07-27 19:53:13,837 WARN exited: django-app (exit status 1; not expected)
2025-07-27 19:53:14,839 INFO spawned: 'django-app' with pid 78
2025-07-27 19:53:15,841 INFO success: django-app entered RUNNING state, process has stayed up for > than 1 seconds (startsecs)
2025-07-27 19:53:22,787 WARN exited: celery-worker (exit status 2; not expected)
2025-07-27 19:53:23,617 INFO spawned: 'celery-worker' with pid 80
2025-07-27 19:53:23,798 WARN exited: django-app (exit status 1; not expected)
2025-07-27 19:53:24,802 INFO spawned: 'django-app' with pid 82
2025-07-27 19:53:24,803 INFO success: celery-worker entered RUNNING state, process has stayed up for > than 1 seconds (startsecs)
2025-07-27 19:53:25,804 INFO success: django-app entered RUNNING state, process has stayed up for > than 1 seconds (startsecs)
2025-07-27 19:53:33,724 WARN exited: django-app (exit status 1; not expected)
2025-07-27 19:53:34,728 INFO spawned: 'django-app' with pid 84
2025-07-27 19:53:35,731 INFO success: django-app entered RUNNING state, process has stayed up for > than 1 seconds (startsecs)
2025-07-27 19:53:43,716 WARN exited: django-app (exit status 1; not expected)
2025-07-27 19:53:44,718 INFO spawned: 'django-app' with pid 87
2025-07-27 19:53:45,720 INFO success: django-app entered RUNNING state, process has stayed up for > than 1 seconds (startsecs)
2025-07-27 19:53:47,421 WARN exited: celery-worker (exit status 2; not expected)
2025-07-27 19:53:48,425 INFO spawned: 'celery-worker' with pid 89
2025-07-27 19:53:49,435 INFO success: celery-worker entered RUNNING state, process has stayed up for > than 1 seconds (startsecs)
2025-07-27 19:53:53,687 WARN exited: django-app (exit status 1; not expected)
2025-07-27 19:53:54,690 INFO spawned: 'django-app' with pid 91
2025-07-27 19:53:55,693 INFO success: django-app entered RUNNING state, process has stayed up for > than 1 seconds (startsecs)
2025-07-27 19:53:59,701 WARN received SIGTERM indicating exit request
2025-07-27 19:53:59,702 INFO waiting for django-app, celery-worker to die
2025-07-27 19:54:00,703 WARN stopped: celery-worker (terminated by SIGTERM)
2025-07-27 19:54:01,705 WARN stopped: django-app (terminated by SIGTERM)
2025-07-27 19:54:25,268 CRIT Supervisor is running as root.  Privileges were not dropped because no user is specified in the config file.  If you intend to run as root, you can set user=root in the config file to avoid this message.
2025-07-27 19:54:25,271 INFO supervisord started with pid 1
2025-07-27 19:54:26,274 INFO spawned: 'django-app' with pid 7
2025-07-27 19:54:26,276 INFO spawned: 'celery-worker' with pid 8
2025-07-27 19:54:27,283 INFO success: django-app entered RUNNING state, process has stayed up for > than 1 seconds (startsecs)
2025-07-27 19:54:27,283 INFO success: celery-worker entered RUNNING state, process has stayed up for > than 1 seconds (startsecs)
2025-07-27 20:26:44,648 WARN received SIGTERM indicating exit request
2025-07-27 20:26:44,665 INFO waiting for django-app, celery-worker to die
2025-07-27 20:26:45,678 WARN stopped: celery-worker (terminated by SIGTERM)
2025-07-27 20:26:45,687 WARN stopped: django-app (terminated by SIGTERM)
2025-07-27 20:27:16,890 CRIT Supervisor is running as root.  Privileges were not dropped because no user is specified in the config file.  If you intend to run as root, you can set user=root in the config file to avoid this message.
2025-07-27 20:27:16,898 INFO supervisord started with pid 1
2025-07-27 20:27:17,902 INFO spawned: 'django-app' with pid 7
2025-07-27 20:27:17,906 INFO spawned: 'celery-worker' with pid 8
2025-07-27 20:27:18,928 INFO success: django-app entered RUNNING state, process has stayed up for > than 1 seconds (startsecs)
2025-07-27 20:27:18,930 INFO success: celery-worker entered RUNNING state, process has stayed up for > than 1 seconds (startsecs)
2025-07-27 20:33:15,644 WARN received SIGTERM indicating exit request
2025-07-27 20:33:15,660 INFO waiting for django-app, celery-worker to die
2025-07-27 20:33:16,672 WARN stopped: celery-worker (terminated by SIGTERM)
2025-07-27 20:33:16,677 WARN stopped: django-app (terminated by SIGTERM)
2025-07-27 20:33:57,742 CRIT Supervisor is running as root.  Privileges were not dropped because no user is specified in the config file.  If you intend to run as root, you can set user=root in the config file to avoid this message.
2025-07-27 20:33:57,749 INFO supervisord started with pid 1
2025-07-27 20:33:58,754 INFO spawned: 'django-app' with pid 7
2025-07-27 20:33:58,763 INFO spawned: 'celery-worker' with pid 9
2025-07-27 20:34:00,700 INFO success: django-app entered RUNNING state, process has stayed up for > than 1 seconds (startsecs)
2025-07-27 20:34:00,700 INFO success: celery-worker entered RUNNING state, process has stayed up for > than 1 seconds (startsecs)
2025-07-27 20:36:27,211 WARN received SIGTERM indicating exit request
2025-07-27 20:36:27,216 INFO waiting for django-app, celery-worker to die
2025-07-27 20:36:28,218 WARN stopped: celery-worker (terminated by SIGTERM)
2025-07-27 20:36:29,117 WARN stopped: django-app (terminated by SIGTERM)
2025-07-27 20:36:56,783 CRIT Supervisor is running as root.  Privileges were not dropped because no user is specified in the config file.  If you intend to run as root, you can set user=root in the config file to avoid this message.
2025-07-27 20:36:56,790 INFO supervisord started with pid 1
2025-07-27 20:36:57,794 INFO spawned: 'django-app' with pid 7
2025-07-27 20:36:57,798 INFO spawned: 'celery-worker' with pid 8
2025-07-27 20:36:58,820 INFO success: django-app entered RUNNING state, process has stayed up for > than 1 seconds (startsecs)
2025-07-27 20:36:58,821 INFO success: celery-worker entered RUNNING state, process has stayed up for > than 1 seconds (startsecs)
2025-07-27 20:48:51,314 WARN received SIGTERM indicating exit request
2025-07-27 20:48:51,328 INFO waiting for django-app, celery-worker to die
2025-07-27 20:48:52,337 WARN stopped: celery-worker (terminated by SIGTERM)
2025-07-27 20:48:52,340 WARN stopped: django-app (terminated by SIGTERM)
2025-07-27 20:48:52,782 CRIT Supervisor is running as root.  Privileges were not dropped because no user is specified in the config file.  If you intend to run as root, you can set user=root in the config file to avoid this message.
2025-07-27 20:48:52,786 INFO supervisord started with pid 1
2025-07-27 20:48:53,789 INFO spawned: 'django-app' with pid 7
2025-07-27 20:48:53,791 INFO spawned: 'celery-worker' with pid 8
2025-07-27 20:48:54,797 INFO success: django-app entered RUNNING state, process has stayed up for > than 1 seconds (startsecs)
2025-07-27 20:48:54,797 INFO success: celery-worker entered RUNNING state, process has stayed up for > than 1 seconds (startsecs)
2025-07-29 18:12:16,086 INFO supervisord started with pid 1
2025-07-29 18:12:17,088 INFO spawned: 'django-app' with pid 6
2025-07-29 18:12:17,091 INFO spawned: 'celery-worker' with pid 7
2025-07-29 18:12:18,114 INFO success: django-app entered RUNNING state, process has stayed up for > than 1 seconds (startsecs)
2025-07-29 18:12:18,115 INFO success: celery-worker entered RUNNING state, process has stayed up for > than 1 seconds (startsecs)
2025-07-29 18:12:19,143 WARN exited: django-app (exit status 1; not expected)
2025-07-29 18:12:20,146 INFO spawned: 'django-app' with pid 10
2025-07-29 18:12:21,148 INFO success: django-app entered RUNNING state, process has stayed up for > than 1 seconds (startsecs)
2025-07-29 18:12:22,151 WARN exited: django-app (exit status 1; not expected)
2025-07-29 18:12:23,154 INFO spawned: 'django-app' with pid 18
2025-07-29 18:12:24,162 INFO success: django-app entered RUNNING state, process has stayed up for > than 1 seconds (startsecs)
2025-07-29 18:12:24,896 WARN exited: django-app (exit status 1; not expected)
2025-07-29 18:12:25,899 INFO spawned: 'django-app' with pid 20
2025-07-29 18:12:26,901 INFO success: django-app entered RUNNING state, process has stayed up for > than 1 seconds (startsecs)
2025-07-29 18:12:26,901 WARN received SIGTERM indicating exit request
2025-07-29 18:12:26,901 INFO waiting for django-app, celery-worker to die
2025-07-29 18:12:27,697 WARN stopped: celery-worker (terminated by SIGTERM)
2025-07-29 18:12:27,698 WARN stopped: django-app (terminated by SIGTERM)
2025-07-29 18:15:25,370 INFO supervisord started with pid 1
2025-07-29 18:15:26,374 INFO spawned: 'django-app' with pid 6
2025-07-29 18:15:26,377 INFO spawned: 'celery-worker' with pid 7
2025-07-29 18:15:27,386 INFO success: django-app entered RUNNING state, process has stayed up for > than 1 seconds (startsecs)
2025-07-29 18:15:27,387 INFO success: celery-worker entered RUNNING state, process has stayed up for > than 1 seconds (startsecs)
2025-07-29 18:15:30,207 WARN exited: django-app (exit status 1; not expected)
2025-07-29 18:15:31,210 INFO spawned: 'django-app' with pid 16
2025-07-29 18:15:32,214 INFO success: django-app entered RUNNING state, process has stayed up for > than 1 seconds (startsecs)
2025-07-29 18:15:35,123 WARN exited: django-app (exit status 1; not expected)
2025-07-29 18:15:36,127 INFO spawned: 'django-app' with pid 24
2025-07-29 18:15:37,129 INFO success: django-app entered RUNNING state, process has stayed up for > than 1 seconds (startsecs)
2025-07-29 18:15:40,050 WARN exited: django-app (exit status 1; not expected)
2025-07-29 18:15:41,054 INFO spawned: 'django-app' with pid 26
2025-07-29 18:15:42,396 INFO success: django-app entered RUNNING state, process has stayed up for > than 1 seconds (startsecs)
2025-07-29 18:15:45,051 WARN exited: django-app (exit status 1; not expected)
2025-07-29 18:15:45,820 INFO spawned: 'django-app' with pid 34
2025-07-29 18:15:46,822 INFO success: django-app entered RUNNING state, process has stayed up for > than 1 seconds (startsecs)
2025-07-29 18:15:47,428 WARN received SIGTERM indicating exit request
2025-07-29 18:15:47,428 INFO waiting for django-app, celery-worker to die
2025-07-29 18:15:48,021 WARN stopped: celery-worker (terminated by SIGTERM)
2025-07-29 18:15:49,023 WARN stopped: django-app (terminated by SIGTERM)
2025-07-29 18:19:31,238 INFO supervisord started with pid 1
2025-07-29 18:19:32,240 INFO spawned: 'django-app' with pid 7
2025-07-29 18:19:32,242 INFO spawned: 'celery-worker' with pid 8
2025-07-29 18:19:33,251 INFO success: django-app entered RUNNING state, process has stayed up for > than 1 seconds (startsecs)
2025-07-29 18:19:33,251 INFO success: celery-worker entered RUNNING state, process has stayed up for > than 1 seconds (startsecs)
2025-07-29 18:19:51,551 WARN received SIGTERM indicating exit request
2025-07-29 18:19:51,551 INFO waiting for django-app, celery-worker to die
2025-07-29 18:19:52,555 WARN stopped: celery-worker (terminated by SIGTERM)
2025-07-29 18:19:53,556 WARN stopped: django-app (terminated by SIGTERM)
2025-07-29 18:19:53,557 INFO reaped unknown pid 31 (exit status 1)
2025-07-29 18:20:13,355 INFO supervisord started with pid 1
2025-07-29 18:20:14,358 INFO spawned: 'django-app' with pid 6
2025-07-29 18:20:14,360 INFO spawned: 'celery-worker' with pid 7
2025-07-29 18:20:15,372 INFO success: django-app entered RUNNING state, process has stayed up for > than 1 seconds (startsecs)
2025-07-29 18:20:15,372 INFO success: celery-worker entered RUNNING state, process has stayed up for > than 1 seconds (startsecs)
2025-07-29 18:21:09,384 WARN received SIGTERM indicating exit request
2025-07-29 18:21:09,384 INFO waiting for django-app, celery-worker to die
2025-07-29 18:21:10,386 WARN stopped: celery-worker (terminated by SIGTERM)
2025-07-29 18:21:10,614 WARN stopped: django-app (terminated by SIGTERM)
2025-07-29 18:22:54,797 INFO supervisord started with pid 1
2025-07-29 18:22:55,800 INFO spawned: 'django-app' with pid 7
2025-07-29 18:22:55,802 INFO spawned: 'celery-worker' with pid 8
2025-07-29 18:22:56,814 INFO success: django-app entered RUNNING state, process has stayed up for > than 1 seconds (startsecs)
2025-07-29 18:22:56,815 INFO success: celery-worker entered RUNNING state, process has stayed up for > than 1 seconds (startsecs)
2025-07-29 18:32:39,958 INFO supervisord started with pid 1
2025-07-29 18:32:40,961 INFO spawned: 'django-app' with pid 7
2025-07-29 18:32:40,963 INFO spawned: 'celery-worker' with pid 8
2025-07-29 18:32:41,982 INFO success: django-app entered RUNNING state, process has stayed up for > than 1 seconds (startsecs)
2025-07-29 18:32:41,983 INFO success: celery-worker entered RUNNING state, process has stayed up for > than 1 seconds (startsecs)
2025-07-29 18:35:39,735 INFO supervisord started with pid 1
2025-07-29 18:35:40,738 INFO spawned: 'django-app' with pid 6
2025-07-29 18:35:40,740 INFO spawned: 'celery-worker' with pid 7
2025-07-29 18:35:41,755 INFO success: django-app entered RUNNING state, process has stayed up for > than 1 seconds (startsecs)
2025-07-29 18:35:41,755 INFO success: celery-worker entered RUNNING state, process has stayed up for > than 1 seconds (startsecs)
2025-07-29 18:43:43,408 WARN received SIGTERM indicating exit request
2025-07-29 18:43:43,409 INFO waiting for django-app, celery-worker to die
2025-07-29 18:43:44,414 WARN stopped: celery-worker (terminated by SIGTERM)
2025-07-29 18:43:45,416 WARN stopped: django-app (terminated by SIGTERM)
2025-07-29 18:46:43,528 INFO supervisord started with pid 1
2025-07-29 18:46:44,531 INFO spawned: 'django-app' with pid 7
2025-07-29 18:46:44,533 INFO spawned: 'celery-worker' with pid 8
2025-07-29 18:46:45,542 INFO success: django-app entered RUNNING state, process has stayed up for > than 1 seconds (startsecs)
2025-07-29 18:46:45,543 INFO success: celery-worker entered RUNNING state, process has stayed up for > than 1 seconds (startsecs)
2025-07-29 18:54:58,880 WARN received SIGTERM indicating exit request
2025-07-29 18:54:58,881 INFO waiting for django-app, celery-worker to die
2025-07-29 18:54:59,883 WARN stopped: celery-worker (terminated by SIGTERM)
2025-07-29 18:54:59,884 WARN stopped: django-app (terminated by SIGTERM)
2025-07-29 18:55:17,143 INFO supervisord started with pid 1
2025-07-29 18:55:18,146 INFO spawned: 'django-app' with pid 7
2025-07-29 18:55:18,148 INFO spawned: 'celery-worker' with pid 8
2025-07-29 18:55:19,158 INFO success: django-app entered RUNNING state, process has stayed up for > than 1 seconds (startsecs)
2025-07-29 18:55:19,159 INFO success: celery-worker entered RUNNING state, process has stayed up for > than 1 seconds (startsecs)
2025-07-29 18:57:47,631 WARN received SIGTERM indicating exit request
2025-07-29 18:57:47,632 INFO waiting for django-app, celery-worker to die
2025-07-29 18:57:48,634 WARN stopped: celery-worker (terminated by SIGTERM)
2025-07-29 18:57:49,636 WARN stopped: django-app (terminated by SIGTERM)
2025-07-29 18:58:24,217 INFO supervisord started with pid 1
2025-07-29 18:58:25,220 INFO spawned: 'django-app' with pid 6
2025-07-29 18:58:25,223 INFO spawned: 'celery-worker' with pid 7
2025-07-29 18:58:26,230 INFO success: django-app entered RUNNING state, process has stayed up for > than 1 seconds (startsecs)
2025-07-29 18:58:26,231 INFO success: celery-worker entered RUNNING state, process has stayed up for > than 1 seconds (startsecs)
2025-07-29 19:06:25,135 INFO supervisord started with pid 1
2025-07-29 19:06:26,138 INFO spawned: 'django-app' with pid 7
2025-07-29 19:06:26,141 INFO spawned: 'celery-worker' with pid 8
2025-07-29 19:06:27,155 INFO success: django-app entered RUNNING state, process has stayed up for > than 1 seconds (startsecs)
2025-07-29 19:06:27,155 INFO success: celery-worker entered RUNNING state, process has stayed up for > than 1 seconds (startsecs)
2025-07-29 19:07:31,315 WARN received SIGTERM indicating exit request
2025-07-29 19:07:31,315 INFO waiting for django-app, celery-worker to die
2025-07-29 19:07:32,317 WARN stopped: celery-worker (terminated by SIGTERM)
2025-07-29 19:07:33,319 WARN stopped: django-app (terminated by SIGTERM)
2025-07-29 19:07:50,181 INFO supervisord started with pid 1
2025-07-29 19:07:51,184 INFO spawned: 'django-app' with pid 6
2025-07-29 19:07:51,186 INFO spawned: 'celery-worker' with pid 7
2025-07-29 19:07:52,194 INFO success: django-app entered RUNNING state, process has stayed up for > than 1 seconds (startsecs)
2025-07-29 19:07:52,195 INFO success: celery-worker entered RUNNING state, process has stayed up for > than 1 seconds (startsecs)
